info: 2022/02/10 13:49:44: initialize: Kibana index: .kibana
info: 2022/02/10 13:49:44: initialize: App revision: 4301-0
info: 2022/02/10 13:49:44: initialize: Total RAM: 11928MB
error: 2022/02/10 13:49:45: initialize:checkKibanaStatus: Could not check if the index .wazuh exists due to no permissions for create, delete or check
error: 2022/02/10 13:55:0: cron-scheduler|SaveDocument: resource_already_exists_exception
info: 2022/02/10 18:35:47: initialize: Kibana index: .kibana
info: 2022/02/10 18:35:47: initialize: App revision: 4301-0
info: 2022/02/10 18:35:47: initialize: Total RAM: 11928MB
error: 2022/02/10 18:35:47: initialize:checkKibanaStatus: Could not check if the index .wazuh exists due to no permissions for create, delete or check
error: 2022/02/10 18:40:0: cron-scheduler|SaveDocument: resource_already_exists_exception
info: 2022/02/10 18:42:13: initialize: Kibana index: .kibana
info: 2022/02/10 18:42:13: initialize: App revision: 4301-0
info: 2022/02/10 18:42:13: initialize: Total RAM: 11928MB
error: 2022/02/10 18:42:14: initialize:checkKibanaStatus: Could not check if the index .wazuh exists due to no permissions for create, delete or check
error: 2022/02/10 18:45:0: cron-scheduler|SaveDocument: resource_already_exists_exception
info: 2022/02/10 20:23:3: initialize: Kibana index: .kibana
info: 2022/02/10 20:23:3: initialize: App revision: 4301-0
info: 2022/02/10 20:23:3: initialize: Total RAM: 11928MB
error: 2022/02/10 20:23:4: initialize:checkKibanaStatus: Could not check if the index .wazuh exists due to no permissions for create, delete or check
error: 2022/02/10 20:25:0: cron-scheduler|SaveDocument: resource_already_exists_exception
info: 2022/02/11 18:48:39: initialize: Kibana index: .kibana
info: 2022/02/11 18:48:39: initialize: App revision: 4301-0
info: 2022/02/11 18:48:39: initialize: Total RAM: 11928MB
error: 2022/02/11 18:48:40: initialize:checkKibanaStatus: Could not check if the index .wazuh exists due to no permissions for create, delete or check
error: 2022/02/11 18:50:1: cron-scheduler|SaveDocument: resource_already_exists_exception
info: 2022/02/11 19:23:22: initialize: Kibana index: .kibana
info: 2022/02/11 19:23:22: initialize: App revision: 4301-0
info: 2022/02/11 19:23:22: initialize: Total RAM: 11928MB
error: 2022/02/11 19:23:23: initialize:checkKibanaStatus: Could not check if the index .wazuh exists due to no permissions for create, delete or check
error: 2022/02/11 19:25:0: cron-scheduler|SaveDocument: resource_already_exists_exception
info: 2022/02/11 19:27:28: initialize: Kibana index: .kibana
info: 2022/02/11 19:27:28: initialize: App revision: 4301-0
info: 2022/02/11 19:27:28: initialize: Total RAM: 11928MB
error: 2022/02/11 19:27:28: initialize:checkKibanaStatus: Could not check if the index .wazuh exists due to no permissions for create, delete or check
info: 2022/02/11 19:31:58: initialize: Kibana index: .kibana
info: 2022/02/11 19:31:58: initialize: App revision: 4301-0
info: 2022/02/11 19:31:58: initialize: Total RAM: 11928MB
error: 2022/02/11 19:31:59: initialize:checkKibanaStatus: Could not check if the index .wazuh exists due to no permissions for create, delete or check
