{"date":"2022-02-10T13:49:44.661Z","level":"info","location":"initialize","message":"Kibana index: .kibana"}
{"date":"2022-02-10T13:49:44.661Z","level":"info","location":"initialize","message":"App revision: 4301-0"}
{"date":"2022-02-10T13:49:44.661Z","level":"info","location":"initialize","message":"Total RAM: 11928MB"}
{"date":"2022-02-10T13:49:45.077Z","level":"error","location":"initialize:checkKibanaStatus","message":"Could not check if the index .wazuh exists due to no permissions for create, delete or check"}
{"date":"2022-02-10T13:55:00.999Z","level":"error","location":"cron-scheduler|SaveDocument","message":"resource_already_exists_exception"}
{"date":"2022-02-10T18:35:47.009Z","level":"info","location":"initialize","message":"Kibana index: .kibana"}
{"date":"2022-02-10T18:35:47.010Z","level":"info","location":"initialize","message":"App revision: 4301-0"}
{"date":"2022-02-10T18:35:47.010Z","level":"info","location":"initialize","message":"Total RAM: 11928MB"}
{"date":"2022-02-10T18:35:47.242Z","level":"error","location":"initialize:checkKibanaStatus","message":"Could not check if the index .wazuh exists due to no permissions for create, delete or check"}
{"date":"2022-02-10T18:40:00.559Z","level":"error","location":"cron-scheduler|SaveDocument","message":"resource_already_exists_exception"}
{"date":"2022-02-10T18:42:13.894Z","level":"info","location":"initialize","message":"Kibana index: .kibana"}
{"date":"2022-02-10T18:42:13.894Z","level":"info","location":"initialize","message":"App revision: 4301-0"}
{"date":"2022-02-10T18:42:13.894Z","level":"info","location":"initialize","message":"Total RAM: 11928MB"}
{"date":"2022-02-10T18:42:14.231Z","level":"error","location":"initialize:checkKibanaStatus","message":"Could not check if the index .wazuh exists due to no permissions for create, delete or check"}
{"date":"2022-02-10T18:45:00.330Z","level":"error","location":"cron-scheduler|SaveDocument","message":"resource_already_exists_exception"}
{"date":"2022-02-10T20:23:03.443Z","level":"info","location":"initialize","message":"Kibana index: .kibana"}
{"date":"2022-02-10T20:23:03.443Z","level":"info","location":"initialize","message":"App revision: 4301-0"}
{"date":"2022-02-10T20:23:03.443Z","level":"info","location":"initialize","message":"Total RAM: 11928MB"}
{"date":"2022-02-10T20:23:04.136Z","level":"error","location":"initialize:checkKibanaStatus","message":"Could not check if the index .wazuh exists due to no permissions for create, delete or check"}
{"date":"2022-02-10T20:25:00.975Z","level":"error","location":"cron-scheduler|SaveDocument","message":"resource_already_exists_exception"}
{"date":"2022-02-11T18:48:39.186Z","level":"info","location":"initialize","message":"Kibana index: .kibana"}
{"date":"2022-02-11T18:48:39.187Z","level":"info","location":"initialize","message":"App revision: 4301-0"}
{"date":"2022-02-11T18:48:39.187Z","level":"info","location":"initialize","message":"Total RAM: 11928MB"}
{"date":"2022-02-11T18:48:40.305Z","level":"error","location":"initialize:checkKibanaStatus","message":"Could not check if the index .wazuh exists due to no permissions for create, delete or check"}
{"date":"2022-02-11T18:50:01.075Z","level":"error","location":"cron-scheduler|SaveDocument","message":"resource_already_exists_exception"}
{"date":"2022-02-11T19:23:22.847Z","level":"info","location":"initialize","message":"Kibana index: .kibana"}
{"date":"2022-02-11T19:23:22.848Z","level":"info","location":"initialize","message":"App revision: 4301-0"}
{"date":"2022-02-11T19:23:22.848Z","level":"info","location":"initialize","message":"Total RAM: 11928MB"}
{"date":"2022-02-11T19:23:23.646Z","level":"error","location":"initialize:checkKibanaStatus","message":"Could not check if the index .wazuh exists due to no permissions for create, delete or check"}
{"date":"2022-02-11T19:25:00.244Z","level":"error","location":"cron-scheduler|SaveDocument","message":"resource_already_exists_exception"}
{"date":"2022-02-11T19:27:28.476Z","level":"info","location":"initialize","message":"Kibana index: .kibana"}
{"date":"2022-02-11T19:27:28.477Z","level":"info","location":"initialize","message":"App revision: 4301-0"}
{"date":"2022-02-11T19:27:28.477Z","level":"info","location":"initialize","message":"Total RAM: 11928MB"}
{"date":"2022-02-11T19:27:28.862Z","level":"error","location":"initialize:checkKibanaStatus","message":"Could not check if the index .wazuh exists due to no permissions for create, delete or check"}
{"date":"2022-02-11T19:31:58.941Z","level":"info","location":"initialize","message":"Kibana index: .kibana"}
{"date":"2022-02-11T19:31:58.942Z","level":"info","location":"initialize","message":"App revision: 4301-0"}
{"date":"2022-02-11T19:31:58.942Z","level":"info","location":"initialize","message":"Total RAM: 11928MB"}
{"date":"2022-02-11T19:31:59.543Z","level":"error","location":"initialize:checkKibanaStatus","message":"Could not check if the index .wazuh exists due to no permissions for create, delete or check"}
